0 info it worked if it ends with ok
1 verbose cli [ '/usr/local/bin/node', '/usr/local/bin/npm', 'start' ]
2 info using npm@4.0.5
3 info using node@v7.4.0
4 verbose run-script [ 'prestart', 'start', 'poststart' ]
5 info lifecycle TaskApp@~prestart: TaskApp@
6 silly lifecycle TaskApp@~prestart: no script for prestart, continuing
7 info lifecycle TaskApp@~start: TaskApp@
8 verbose lifecycle TaskApp@~start: unsafe-perm in lifecycle true
9 verbose lifecycle TaskApp@~start: PATH: /usr/local/lib/node_modules/npm/bin/node-gyp-bin:/home/gayathri/Documents/Text-editor/node_modules/.bin:/usr/local/sbin:/usr/local/bin:/usr/sbin:/usr/bin:/sbin:/bin:/usr/games:/usr/local/games:/usr/lib/jvm/java-8-oracle/bin:/usr/lib/jvm/java-8-oracle/db/bin:/usr/lib/jvm/java-8-oracle/jre/bin
10 verbose lifecycle TaskApp@~start: CWD: /home/gayathri/Documents/Text-editor
11 silly lifecycle TaskApp@~start: Args: [ '-c', 'node server' ]
12 silly lifecycle TaskApp@~start: Returned: code: 1  signal: null
13 info lifecycle TaskApp@~start: Failed to exec start script
14 verbose stack Error: TaskApp@ start: `node server`
14 verbose stack Exit status 1
14 verbose stack     at EventEmitter.<anonymous> (/usr/local/lib/node_modules/npm/lib/utils/lifecycle.js:279:16)
14 verbose stack     at emitTwo (events.js:106:13)
14 verbose stack     at EventEmitter.emit (events.js:191:7)
14 verbose stack     at ChildProcess.<anonymous> (/usr/local/lib/node_modules/npm/lib/utils/spawn.js:40:14)
14 verbose stack     at emitTwo (events.js:106:13)
14 verbose stack     at ChildProcess.emit (events.js:191:7)
14 verbose stack     at maybeClose (internal/child_process.js:885:16)
14 verbose stack     at Process.ChildProcess._handle.onexit (internal/child_process.js:226:5)
15 verbose pkgid TaskApp@
16 verbose cwd /home/gayathri/Documents/Text-editor
17 error Linux 4.2.0-27-generic
18 error argv "/usr/local/bin/node" "/usr/local/bin/npm" "start"
19 error node v7.4.0
20 error npm  v4.0.5
21 error code ELIFECYCLE
22 error TaskApp@ start: `node server`
22 error Exit status 1
23 error Failed at the TaskApp@ start script 'node server'.
23 error Make sure you have the latest version of node.js and npm installed.
23 error If you do, this is most likely a problem with the TaskApp package,
23 error not with npm itself.
23 error Tell the author that this fails on your system:
23 error     node server
23 error You can get information on how to open an issue for this project with:
23 error     npm bugs TaskApp
23 error Or if that isn't available, you can get their info via:
23 error     npm owner ls TaskApp
23 error There is likely additional logging output above.
24 verbose exit [ 1, true ]
